<?xml version="1.0" encoding="UTF-8"?>
<testsuite name="br.com.innovix.repository.ProductRepositoryTest" tests="1" skipped="0" failures="0" errors="0" timestamp="2024-04-04T20:42:10" hostname="CASSIO_LAPTOP" time="0.726">
  <properties/>
  <testcase name="whenSaveProduct_thenRetrieveSame()" classname="br.com.innovix.repository.ProductRepositoryTest" time="0.726"/>
  <system-out><![CDATA[17:42:06.091 [Test worker] INFO org.springframework.test.context.support.AnnotationConfigContextLoaderUtils -- Could not detect default configuration classes for test class [br.com.innovix.repository.ProductRepositoryTest]: ProductRepositoryTest does not declare any static, non-private, non-final, nested classes annotated with @Configuration.
17:42:06.272 [Test worker] INFO org.springframework.boot.test.context.SpringBootTestContextBootstrapper -- Found @SpringBootConfiguration br.com.innovix.InnovixApplication for test class br.com.innovix.repository.ProductRepositoryTest

  .   ____          _            __ _ _
 /\\ / ___'_ __ _ _(_)_ __  __ _ \ \ \ \
( ( )\___ | '_ | '_| | '_ \/ _` | \ \ \ \
 \\/  ___)| |_)| | | | | || (_| |  ) ) ) )
  '  |____| .__|_| |_|_| |_\__, | / / / /
 =========|_|==============|___/=/_/_/_/
 :: Spring Boot ::                (v3.2.4)

2024-04-04T17:42:06.737-03:00  INFO 2464 --- [innovix] [    Test worker] b.c.i.repository.ProductRepositoryTest   : Starting ProductRepositoryTest using Java 17.0.10 with PID 2464 (started by cassi in C:\Users\cassi\OneDrive\Área de Trabalho\Prática em Engenharia de Software\innovix)
2024-04-04T17:42:06.740-03:00  INFO 2464 --- [innovix] [    Test worker] b.c.i.repository.ProductRepositoryTest   : No active profile set, falling back to 1 default profile: "default"
2024-04-04T17:42:07.161-03:00  INFO 2464 --- [innovix] [    Test worker] .s.d.r.c.RepositoryConfigurationDelegate : Multiple Spring Data modules found, entering strict repository configuration mode
2024-04-04T17:42:07.164-03:00  INFO 2464 --- [innovix] [    Test worker] .s.d.r.c.RepositoryConfigurationDelegate : Bootstrapping Spring Data JPA repositories in DEFAULT mode.
2024-04-04T17:42:07.284-03:00  INFO 2464 --- [innovix] [    Test worker] .s.d.r.c.RepositoryConfigurationDelegate : Finished Spring Data repository scanning in 108 ms. Found 8 JPA repository interfaces.
2024-04-04T17:42:07.768-03:00  INFO 2464 --- [innovix] [    Test worker] o.hibernate.jpa.internal.util.LogHelper  : HHH000204: Processing PersistenceUnitInfo [name: default]
2024-04-04T17:42:07.848-03:00  INFO 2464 --- [innovix] [    Test worker] org.hibernate.Version                    : HHH000412: Hibernate ORM core version 6.4.4.Final
2024-04-04T17:42:07.880-03:00  INFO 2464 --- [innovix] [    Test worker] o.h.c.internal.RegionFactoryInitiator    : HHH000026: Second-level cache disabled
2024-04-04T17:42:08.142-03:00  INFO 2464 --- [innovix] [    Test worker] o.s.o.j.p.SpringPersistenceUnitInfo      : No LoadTimeWeaver setup: ignoring JPA class transformer
2024-04-04T17:42:08.183-03:00  INFO 2464 --- [innovix] [    Test worker] com.zaxxer.hikari.HikariDataSource       : HikariPool-1 - Starting...
2024-04-04T17:42:08.395-03:00  INFO 2464 --- [innovix] [    Test worker] com.zaxxer.hikari.pool.HikariPool        : HikariPool-1 - Added connection org.postgresql.jdbc.PgConnection@5e2a6991
2024-04-04T17:42:08.397-03:00  INFO 2464 --- [innovix] [    Test worker] com.zaxxer.hikari.HikariDataSource       : HikariPool-1 - Start completed.
2024-04-04T17:42:08.444-03:00  WARN 2464 --- [innovix] [    Test worker] org.hibernate.orm.deprecation            : HHH90000025: PostgreSQLDialect does not need to be specified explicitly using 'hibernate.dialect' (remove the property setting and it will be selected by default)
2024-04-04T17:42:09.670-03:00  INFO 2464 --- [innovix] [    Test worker] o.h.e.t.j.p.i.JtaPlatformInitiator       : HHH000489: No JTA platform available (set 'hibernate.transaction.jta.platform' to enable JTA platform integration)
2024-04-04T17:42:09.784-03:00  INFO 2464 --- [innovix] [    Test worker] j.LocalContainerEntityManagerFactoryBean : Initialized JPA EntityManagerFactory for persistence unit 'default'
2024-04-04T17:42:10.311-03:00  INFO 2464 --- [innovix] [    Test worker] b.c.i.repository.ProductRepositoryTest   : Started ProductRepositoryTest in 3.922 seconds (process running for 5.127)
Hibernate: 
    select
        pe1_0.cod_prod,
        pe1_0.description,
        pe1_0.image,
        pe1_0.name,
        pe1_0.quantity 
    from
        public.product pe1_0 
    where
        pe1_0.cod_prod=?
Hibernate: 
    insert 
    into
        public.product
        (description, image, name, quantity) 
    values
        (?, ?, ?, ?)
]]></system-out>
  <system-err><![CDATA[]]></system-err>
</testsuite>
